<?xml version="1.0" encoding="UTF-8"?>
<!-- Generated by org.testng.reporters.JUnitReportReporter -->
<testsuite hostname="Shweta" failures="0" tests="3" name="files.DynamicJson" time="4.336" errors="0" timestamp="2023-07-30T16:10:54 IST" skipped="0">
  <testcase classname="files.DynamicJson" name="addBook" time="0.215"/>
  <system-out/>
  <testcase classname="files.DynamicJson" name="addBook" time="3.791"/>
  <system-out/>
  <testcase classname="files.DynamicJson" name="addBook" time="0.330"/>
  <system-out/>
</testsuite> <!-- files.DynamicJson -->
