<?xml version="1.0" encoding="UTF-8"?>
<!-- Generated by org.testng.reporters.JUnitReportReporter -->
<testsuite hostname="Shweta" failures="0" tests="1" name="SumValidation" time="2.427" errors="0" timestamp="2023-07-26T07:59:30 IST" skipped="0">
  <testcase classname="SumValidation" name="sumOfCourse" time="2.427"/>
  <system-out/>
</testsuite> <!-- SumValidation -->
